mode: set
riot-api/tools/aes256cgm_encryption.go:17.57,18.20 1 1
riot-api/tools/aes256cgm_encryption.go:18.20,20.3 1 1
riot-api/tools/aes256cgm_encryption.go:21.2,21.37 1 1
riot-api/tools/aes256cgm_encryption.go:24.93,27.31 2 1
riot-api/tools/aes256cgm_encryption.go:27.31,29.17 2 1
riot-api/tools/aes256cgm_encryption.go:29.17,31.4 1 0
riot-api/tools/aes256cgm_encryption.go:33.3,34.17 2 1
riot-api/tools/aes256cgm_encryption.go:34.17,36.4 1 0
riot-api/tools/aes256cgm_encryption.go:37.3,37.34 1 1
riot-api/tools/aes256cgm_encryption.go:40.2,40.27 1 1
riot-api/tools/aes256cgm_encryption.go:43.93,46.31 2 1
riot-api/tools/aes256cgm_encryption.go:46.31,47.36 1 1
riot-api/tools/aes256cgm_encryption.go:47.36,49.18 2 1
riot-api/tools/aes256cgm_encryption.go:49.18,51.5 1 1
riot-api/tools/aes256cgm_encryption.go:53.4,55.18 3 1
riot-api/tools/aes256cgm_encryption.go:55.18,57.5 1 0
riot-api/tools/aes256cgm_encryption.go:59.4,59.33 1 1
riot-api/tools/aes256cgm_encryption.go:60.9,62.4 1 1
riot-api/tools/aes256cgm_encryption.go:65.2,65.27 1 1
riot-api/tools/aes256cgm_encryption.go:68.69,70.16 2 1
riot-api/tools/aes256cgm_encryption.go:70.16,72.3 1 0
riot-api/tools/aes256cgm_encryption.go:74.2,75.59 2 1
riot-api/tools/aes256cgm_encryption.go:75.59,77.3 1 0
riot-api/tools/aes256cgm_encryption.go:79.2,80.16 2 1
riot-api/tools/aes256cgm_encryption.go:80.16,82.3 1 0
riot-api/tools/aes256cgm_encryption.go:84.2,85.59 2 1
riot-api/tools/aes256cgm_encryption.go:88.70,90.16 2 1
riot-api/tools/aes256cgm_encryption.go:90.16,92.3 1 1
riot-api/tools/aes256cgm_encryption.go:94.2,95.16 2 1
riot-api/tools/aes256cgm_encryption.go:95.16,97.3 1 1
riot-api/tools/aes256cgm_encryption.go:99.2,100.16 2 1
riot-api/tools/aes256cgm_encryption.go:100.16,102.3 1 0
riot-api/tools/aes256cgm_encryption.go:104.2,104.23 1 1
riot-api/tools/aes256cgm_encryption.go:104.23,106.3 1 0
riot-api/tools/aes256cgm_encryption.go:108.2,112.16 4 1
riot-api/tools/aes256cgm_encryption.go:112.16,114.3 1 0
riot-api/tools/aes256cgm_encryption.go:116.2,116.23 1 1
riot-api/tools/base64_encryption.go:11.96,14.31 2 1
riot-api/tools/base64_encryption.go:14.31,16.17 2 1
riot-api/tools/base64_encryption.go:16.17,18.4 1 0
riot-api/tools/base64_encryption.go:20.3,20.67 1 1
riot-api/tools/base64_encryption.go:22.2,22.27 1 1
riot-api/tools/base64_encryption.go:25.96,28.31 2 1
riot-api/tools/base64_encryption.go:28.31,29.36 1 1
riot-api/tools/base64_encryption.go:29.36,31.18 2 1
riot-api/tools/base64_encryption.go:31.18,33.5 1 1
riot-api/tools/base64_encryption.go:35.4,37.18 3 1
riot-api/tools/base64_encryption.go:37.18,39.5 1 1
riot-api/tools/base64_encryption.go:39.10,42.5 1 1
riot-api/tools/base64_encryption.go:44.9,46.4 1 1
riot-api/tools/base64_encryption.go:48.2,48.27 1 1
riot-api/tools/hmac_signing.go:15.72,17.16 2 1
riot-api/tools/hmac_signing.go:17.16,19.3 1 1
riot-api/tools/hmac_signing.go:21.2,25.23 4 1
riot-api/tools/hmac_signing.go:28.90,30.16 2 1
riot-api/tools/hmac_signing.go:30.16,32.3 1 1
riot-api/tools/hmac_signing.go:34.2,34.44 1 1
riot-api/controller/crypto_controller.go:25.19,27.22 2 1
riot-api/controller/crypto_controller.go:27.22,29.3 1 0
riot-api/controller/crypto_controller.go:31.2,34.12 3 1
riot-api/controller/crypto_controller.go:48.30,51.51 2 1
riot-api/controller/crypto_controller.go:51.51,54.3 2 1
riot-api/controller/crypto_controller.go:56.2,57.16 2 1
riot-api/controller/crypto_controller.go:57.16,60.3 2 0
riot-api/controller/crypto_controller.go:62.2,62.38 1 1
riot-api/controller/crypto_controller.go:76.30,79.51 2 1
riot-api/controller/crypto_controller.go:79.51,82.3 2 1
riot-api/controller/crypto_controller.go:84.2,85.16 2 1
riot-api/controller/crypto_controller.go:85.16,88.3 2 1
riot-api/controller/crypto_controller.go:90.2,90.38 1 1
riot-api/controller/crypto_controller.go:104.27,107.51 2 1
riot-api/controller/crypto_controller.go:107.51,110.3 2 1
riot-api/controller/crypto_controller.go:112.2,113.16 2 1
riot-api/controller/crypto_controller.go:113.16,116.3 2 0
riot-api/controller/crypto_controller.go:117.2,117.54 1 1
riot-api/controller/crypto_controller.go:130.29,133.51 2 1
riot-api/controller/crypto_controller.go:133.51,136.3 2 1
riot-api/controller/crypto_controller.go:138.2,140.14 2 1
riot-api/controller/crypto_controller.go:140.14,142.3 1 1
riot-api/controller/crypto_controller.go:142.8,144.3 1 1
riot-api/controller/middlewares.go:11.27,18.35 5 1
riot-api/controller/middlewares.go:18.35,20.3 1 1
riot-api/controller/middlewares.go:20.8,22.3 1 1
riot-api/controller/middlewares.go:25.60,26.30 1 1
riot-api/controller/middlewares.go:26.30,32.21 4 1
riot-api/controller/middlewares.go:32.21,38.4 3 1
riot-api/controller/middlewares.go:40.3,40.11 1 1
